{"F:\\Archivos\\Laboral\\Leal\\leal_test_tech\\src\\application\\use_case\\app.service.ts": {"path":"F:\\Archivos\\Laboral\\Leal\\leal_test_tech\\src\\application\\use_case\\app.service.ts","all":false,"statementMap":{"0":{"start":{"line":1,"column":0},"end":{"line":1,"column":3}},"1":{"start":{"line":2,"column":0},"end":{"line":2,"column":16}},"2":{"start":{"line":3,"column":0},"end":{"line":3,"column":2}},"3":{"start":{"line":4,"column":0},"end":{"line":4,"column":34}},"4":{"start":{"line":5,"column":0},"end":{"line":5,"column":20}},"5":{"start":{"line":6,"column":0},"end":{"line":6,"column":2}},"6":{"start":{"line":7,"column":0},"end":{"line":7,"column":3}},"7":{"start":{"line":8,"column":0},"end":{"line":8,"column":8}},"8":{"start":{"line":9,"column":0},"end":{"line":9,"column":17}},"9":{"start":{"line":10,"column":0},"end":{"line":10,"column":13}},"10":{"start":{"line":11,"column":0},"end":{"line":11,"column":16}},"11":{"start":{"line":12,"column":0},"end":{"line":12,"column":12}},"12":{"start":{"line":13,"column":0},"end":{"line":13,"column":13}},"13":{"start":{"line":14,"column":0},"end":{"line":14,"column":21}},"14":{"start":{"line":15,"column":0},"end":{"line":15,"column":34}},"15":{"start":{"line":16,"column":0},"end":{"line":16,"column":0}},"16":{"start":{"line":17,"column":0},"end":{"line":17,"column":77}},"17":{"start":{"line":18,"column":0},"end":{"line":18,"column":48}},"18":{"start":{"line":19,"column":0},"end":{"line":19,"column":46}},"19":{"start":{"line":20,"column":0},"end":{"line":20,"column":0}},"20":{"start":{"line":21,"column":0},"end":{"line":21,"column":26}},"21":{"start":{"line":22,"column":0},"end":{"line":22,"column":32}},"22":{"start":{"line":23,"column":0},"end":{"line":23,"column":56}},"23":{"start":{"line":24,"column":0},"end":{"line":24,"column":0}},"24":{"start":{"line":25,"column":0},"end":{"line":25,"column":52}},"25":{"start":{"line":26,"column":0},"end":{"line":26,"column":9}},"26":{"start":{"line":27,"column":0},"end":{"line":27,"column":74}},"27":{"start":{"line":28,"column":0},"end":{"line":28,"column":44}},"28":{"start":{"line":29,"column":0},"end":{"line":29,"column":69}},"29":{"start":{"line":30,"column":0},"end":{"line":30,"column":9}},"30":{"start":{"line":31,"column":0},"end":{"line":31,"column":21}},"31":{"start":{"line":32,"column":0},"end":{"line":32,"column":21}},"32":{"start":{"line":33,"column":0},"end":{"line":33,"column":25}},"33":{"start":{"line":34,"column":0},"end":{"line":34,"column":5}},"34":{"start":{"line":35,"column":0},"end":{"line":35,"column":3}},"35":{"start":{"line":36,"column":0},"end":{"line":36,"column":0}},"36":{"start":{"line":37,"column":0},"end":{"line":37,"column":62}},"37":{"start":{"line":38,"column":0},"end":{"line":38,"column":9}},"38":{"start":{"line":39,"column":0},"end":{"line":39,"column":77}},"39":{"start":{"line":40,"column":0},"end":{"line":40,"column":21}},"40":{"start":{"line":41,"column":0},"end":{"line":41,"column":21}},"41":{"start":{"line":42,"column":0},"end":{"line":42,"column":64}},"42":{"start":{"line":43,"column":0},"end":{"line":43,"column":5}},"43":{"start":{"line":44,"column":0},"end":{"line":44,"column":3}},"44":{"start":{"line":45,"column":0},"end":{"line":45,"column":0}},"45":{"start":{"line":46,"column":0},"end":{"line":46,"column":54}},"46":{"start":{"line":47,"column":0},"end":{"line":47,"column":9}},"47":{"start":{"line":48,"column":0},"end":{"line":48,"column":80}},"48":{"start":{"line":49,"column":0},"end":{"line":49,"column":21}},"49":{"start":{"line":50,"column":0},"end":{"line":50,"column":21}},"50":{"start":{"line":51,"column":0},"end":{"line":51,"column":64}},"51":{"start":{"line":52,"column":0},"end":{"line":52,"column":5}},"52":{"start":{"line":53,"column":0},"end":{"line":53,"column":3}},"53":{"start":{"line":54,"column":0},"end":{"line":54,"column":0}},"54":{"start":{"line":55,"column":0},"end":{"line":55,"column":64}},"55":{"start":{"line":56,"column":0},"end":{"line":56,"column":9}},"56":{"start":{"line":57,"column":0},"end":{"line":57,"column":63}},"57":{"start":{"line":58,"column":0},"end":{"line":58,"column":23}},"58":{"start":{"line":59,"column":0},"end":{"line":59,"column":9}},"59":{"start":{"line":60,"column":0},"end":{"line":60,"column":25}},"60":{"start":{"line":61,"column":0},"end":{"line":61,"column":21}},"61":{"start":{"line":62,"column":0},"end":{"line":62,"column":64}},"62":{"start":{"line":63,"column":0},"end":{"line":63,"column":5}},"63":{"start":{"line":64,"column":0},"end":{"line":64,"column":3}},"64":{"start":{"line":65,"column":0},"end":{"line":65,"column":0}},"65":{"start":{"line":66,"column":0},"end":{"line":66,"column":53}},"66":{"start":{"line":67,"column":0},"end":{"line":67,"column":9}},"67":{"start":{"line":68,"column":0},"end":{"line":68,"column":61}},"68":{"start":{"line":69,"column":0},"end":{"line":69,"column":62}},"69":{"start":{"line":70,"column":0},"end":{"line":70,"column":9}},"70":{"start":{"line":71,"column":0},"end":{"line":71,"column":28}},"71":{"start":{"line":72,"column":0},"end":{"line":72,"column":63}},"72":{"start":{"line":73,"column":0},"end":{"line":73,"column":42}},"73":{"start":{"line":74,"column":0},"end":{"line":74,"column":39}},"74":{"start":{"line":75,"column":0},"end":{"line":75,"column":11}},"75":{"start":{"line":76,"column":0},"end":{"line":76,"column":24}},"76":{"start":{"line":77,"column":0},"end":{"line":77,"column":14}},"77":{"start":{"line":78,"column":0},"end":{"line":78,"column":51}},"78":{"start":{"line":79,"column":0},"end":{"line":79,"column":7}},"79":{"start":{"line":80,"column":0},"end":{"line":80,"column":21}},"80":{"start":{"line":81,"column":0},"end":{"line":81,"column":64}},"81":{"start":{"line":82,"column":0},"end":{"line":82,"column":5}},"82":{"start":{"line":83,"column":0},"end":{"line":83,"column":3}},"83":{"start":{"line":84,"column":0},"end":{"line":84,"column":0}},"84":{"start":{"line":85,"column":0},"end":{"line":85,"column":69}},"85":{"start":{"line":86,"column":0},"end":{"line":86,"column":9}},"86":{"start":{"line":87,"column":0},"end":{"line":87,"column":51}},"87":{"start":{"line":88,"column":0},"end":{"line":88,"column":40}},"88":{"start":{"line":89,"column":0},"end":{"line":89,"column":39}},"89":{"start":{"line":90,"column":0},"end":{"line":90,"column":9}},"90":{"start":{"line":91,"column":0},"end":{"line":91,"column":21}},"91":{"start":{"line":92,"column":0},"end":{"line":92,"column":64}},"92":{"start":{"line":93,"column":0},"end":{"line":93,"column":5}},"93":{"start":{"line":94,"column":0},"end":{"line":94,"column":3}},"94":{"start":{"line":95,"column":0},"end":{"line":95,"column":0}},"95":{"start":{"line":96,"column":0},"end":{"line":96,"column":37}},"96":{"start":{"line":97,"column":0},"end":{"line":97,"column":44}},"97":{"start":{"line":98,"column":0},"end":{"line":98,"column":3}},"98":{"start":{"line":99,"column":0},"end":{"line":99,"column":0}},"99":{"start":{"line":100,"column":0},"end":{"line":100,"column":34}},"100":{"start":{"line":101,"column":0},"end":{"line":101,"column":58}},"101":{"start":{"line":102,"column":0},"end":{"line":102,"column":23}},"102":{"start":{"line":103,"column":0},"end":{"line":103,"column":3}},"103":{"start":{"line":104,"column":0},"end":{"line":104,"column":1}}},"s":{"0":1,"1":0,"2":1,"3":1,"4":1,"5":1,"6":1,"7":1,"8":1,"9":1,"10":1,"11":1,"12":1,"13":1,"14":1,"15":1,"16":1,"17":1,"18":1,"19":1,"20":1,"21":1,"22":1,"23":1,"24":1,"25":0,"26":0,"27":0,"28":0,"29":0,"30":0,"31":0,"32":0,"33":1,"34":1,"35":1,"36":1,"37":0,"38":0,"39":0,"40":0,"41":0,"42":1,"43":1,"44":1,"45":1,"46":0,"47":0,"48":0,"49":0,"50":0,"51":1,"52":1,"53":1,"54":1,"55":0,"56":0,"57":0,"58":0,"59":0,"60":0,"61":0,"62":1,"63":1,"64":1,"65":1,"66":0,"67":0,"68":0,"69":0,"70":0,"71":0,"72":0,"73":0,"74":0,"75":0,"76":0,"77":0,"78":0,"79":0,"80":0,"81":1,"82":1,"83":1,"84":1,"85":0,"86":0,"87":0,"88":0,"89":0,"90":0,"91":0,"92":1,"93":1,"94":1,"95":1,"96":0,"97":1,"98":1,"99":1,"100":0,"101":0,"102":1,"103":1},"branchMap":{"0":{"type":"branch","line":2,"loc":{"start":{"line":2,"column":0},"end":{"line":2,"column":16}},"locations":[{"start":{"line":2,"column":0},"end":{"line":2,"column":16}}]},"1":{"type":"branch","line":2,"loc":{"start":{"line":2,"column":0},"end":{"line":2,"column":16}},"locations":[{"start":{"line":2,"column":0},"end":{"line":2,"column":16}}]},"2":{"type":"branch","line":2,"loc":{"start":{"line":2,"column":0},"end":{"line":2,"column":16}},"locations":[{"start":{"line":2,"column":0},"end":{"line":2,"column":16}}]},"3":{"type":"branch","line":2,"loc":{"start":{"line":2,"column":0},"end":{"line":2,"column":16}},"locations":[{"start":{"line":2,"column":0},"end":{"line":2,"column":16}}]},"4":{"type":"branch","line":2,"loc":{"start":{"line":2,"column":0},"end":{"line":2,"column":16}},"locations":[{"start":{"line":2,"column":0},"end":{"line":2,"column":16}}]},"5":{"type":"branch","line":2,"loc":{"start":{"line":2,"column":0},"end":{"line":2,"column":16}},"locations":[{"start":{"line":2,"column":0},"end":{"line":2,"column":16}}]},"6":{"type":"branch","line":2,"loc":{"start":{"line":2,"column":0},"end":{"line":2,"column":16}},"locations":[{"start":{"line":2,"column":0},"end":{"line":2,"column":16}}]},"7":{"type":"branch","line":2,"loc":{"start":{"line":2,"column":0},"end":{"line":2,"column":16}},"locations":[{"start":{"line":2,"column":0},"end":{"line":2,"column":16}}]},"8":{"type":"branch","line":2,"loc":{"start":{"line":2,"column":0},"end":{"line":2,"column":16}},"locations":[{"start":{"line":2,"column":0},"end":{"line":2,"column":16}}]},"9":{"type":"branch","line":2,"loc":{"start":{"line":2,"column":0},"end":{"line":2,"column":16}},"locations":[{"start":{"line":2,"column":0},"end":{"line":2,"column":16}}]},"10":{"type":"branch","line":2,"loc":{"start":{"line":2,"column":0},"end":{"line":2,"column":16}},"locations":[{"start":{"line":2,"column":0},"end":{"line":2,"column":16}}]},"11":{"type":"branch","line":2,"loc":{"start":{"line":2,"column":0},"end":{"line":2,"column":16}},"locations":[{"start":{"line":2,"column":0},"end":{"line":2,"column":16}}]},"12":{"type":"branch","line":2,"loc":{"start":{"line":2,"column":0},"end":{"line":2,"column":16}},"locations":[{"start":{"line":2,"column":0},"end":{"line":2,"column":16}}]},"13":{"type":"branch","line":2,"loc":{"start":{"line":2,"column":0},"end":{"line":2,"column":16}},"locations":[{"start":{"line":2,"column":0},"end":{"line":2,"column":16}}]},"14":{"type":"branch","line":2,"loc":{"start":{"line":2,"column":0},"end":{"line":2,"column":16}},"locations":[{"start":{"line":2,"column":0},"end":{"line":2,"column":16}}]},"15":{"type":"branch","line":21,"loc":{"start":{"line":21,"column":24},"end":{"line":103,"column":3}},"locations":[{"start":{"line":21,"column":24},"end":{"line":103,"column":3}}]},"16":{"type":"branch","line":23,"loc":{"start":{"line":23,"column":2},"end":{"line":23,"column":56}},"locations":[{"start":{"line":23,"column":2},"end":{"line":23,"column":56}}]},"17":{"type":"branch","line":24,"loc":{"start":{"line":24,"column":-2},"end":{"line":35,"column":3}},"locations":[{"start":{"line":24,"column":-2},"end":{"line":35,"column":3}}]},"18":{"type":"branch","line":36,"loc":{"start":{"line":36,"column":-2},"end":{"line":44,"column":3}},"locations":[{"start":{"line":36,"column":-2},"end":{"line":44,"column":3}}]},"19":{"type":"branch","line":45,"loc":{"start":{"line":45,"column":-2},"end":{"line":53,"column":3}},"locations":[{"start":{"line":45,"column":-2},"end":{"line":53,"column":3}}]},"20":{"type":"branch","line":54,"loc":{"start":{"line":54,"column":-2},"end":{"line":64,"column":3}},"locations":[{"start":{"line":54,"column":-2},"end":{"line":64,"column":3}}]},"21":{"type":"branch","line":65,"loc":{"start":{"line":65,"column":-2},"end":{"line":83,"column":3}},"locations":[{"start":{"line":65,"column":-2},"end":{"line":83,"column":3}}]},"22":{"type":"branch","line":84,"loc":{"start":{"line":84,"column":-2},"end":{"line":94,"column":3}},"locations":[{"start":{"line":84,"column":-2},"end":{"line":94,"column":3}}]},"23":{"type":"branch","line":95,"loc":{"start":{"line":95,"column":-2},"end":{"line":98,"column":3}},"locations":[{"start":{"line":95,"column":-2},"end":{"line":98,"column":3}}]},"24":{"type":"branch","line":99,"loc":{"start":{"line":99,"column":-2},"end":{"line":103,"column":3}},"locations":[{"start":{"line":99,"column":-2},"end":{"line":103,"column":3}}]}},"b":{"0":[8],"1":[1],"2":[0],"3":[1],"4":[8],"5":[1],"6":[0],"7":[1],"8":[0],"9":[9],"10":[0],"11":[9],"12":[0],"13":[0],"14":[0],"15":[1],"16":[1],"17":[1],"18":[1],"19":[1],"20":[1],"21":[1],"22":[1],"23":[1],"24":[1]},"fnMap":{"0":{"name":"asyncGeneratorStep","decl":{"start":{"line":2,"column":0},"end":{"line":2,"column":16}},"loc":{"start":{"line":2,"column":0},"end":{"line":2,"column":16}},"line":2},"1":{"name":"_asyncToGenerator","decl":{"start":{"line":2,"column":0},"end":{"line":2,"column":16}},"loc":{"start":{"line":2,"column":0},"end":{"line":2,"column":16}},"line":2},"2":{"name":"_classCallCheck","decl":{"start":{"line":2,"column":0},"end":{"line":2,"column":16}},"loc":{"start":{"line":2,"column":0},"end":{"line":2,"column":16}},"line":2},"3":{"name":"_defineProperties","decl":{"start":{"line":2,"column":0},"end":{"line":2,"column":16}},"loc":{"start":{"line":2,"column":0},"end":{"line":2,"column":16}},"line":2},"4":{"name":"_createClass","decl":{"start":{"line":2,"column":0},"end":{"line":2,"column":16}},"loc":{"start":{"line":2,"column":0},"end":{"line":2,"column":16}},"line":2},"5":{"name":"_defineProperty","decl":{"start":{"line":2,"column":0},"end":{"line":2,"column":16}},"loc":{"start":{"line":2,"column":0},"end":{"line":2,"column":16}},"line":2},"6":{"name":"_toPropertyKey","decl":{"start":{"line":2,"column":0},"end":{"line":2,"column":16}},"loc":{"start":{"line":2,"column":0},"end":{"line":2,"column":16}},"line":2},"7":{"name":"_toPrimitive","decl":{"start":{"line":2,"column":0},"end":{"line":2,"column":16}},"loc":{"start":{"line":2,"column":0},"end":{"line":2,"column":16}},"line":2},"8":{"name":"UserService","decl":{"start":{"line":23,"column":2},"end":{"line":23,"column":56}},"loc":{"start":{"line":23,"column":2},"end":{"line":23,"column":56}},"line":23},"9":{"name":"_callee","decl":{"start":{"line":25,"column":2},"end":{"line":33,"column":25}},"loc":{"start":{"line":25,"column":2},"end":{"line":33,"column":25}},"line":25},"10":{"name":"_callee2","decl":{"start":{"line":37,"column":2},"end":{"line":42,"column":64}},"loc":{"start":{"line":37,"column":2},"end":{"line":42,"column":64}},"line":37},"11":{"name":"_callee3","decl":{"start":{"line":46,"column":2},"end":{"line":51,"column":64}},"loc":{"start":{"line":46,"column":2},"end":{"line":51,"column":64}},"line":46},"12":{"name":"_callee4","decl":{"start":{"line":55,"column":2},"end":{"line":62,"column":64}},"loc":{"start":{"line":55,"column":2},"end":{"line":62,"column":64}},"line":55},"13":{"name":"_callee5","decl":{"start":{"line":66,"column":2},"end":{"line":81,"column":64}},"loc":{"start":{"line":66,"column":2},"end":{"line":81,"column":64}},"line":66},"14":{"name":"_callee6","decl":{"start":{"line":85,"column":2},"end":{"line":92,"column":64}},"loc":{"start":{"line":85,"column":2},"end":{"line":92,"column":64}},"line":85},"15":{"name":"_callee7","decl":{"start":{"line":96,"column":2},"end":{"line":97,"column":44}},"loc":{"start":{"line":96,"column":2},"end":{"line":97,"column":44}},"line":96},"16":{"name":"_callee8","decl":{"start":{"line":100,"column":2},"end":{"line":102,"column":23}},"loc":{"start":{"line":100,"column":2},"end":{"line":102,"column":23}},"line":100}},"f":{"0":0,"1":8,"2":1,"3":1,"4":1,"5":1,"6":9,"7":9,"8":1,"9":0,"10":0,"11":0,"12":0,"13":0,"14":0,"15":0,"16":0}}
,"F:\\Archivos\\Laboral\\Leal\\leal_test_tech\\src\\infraestructure\\adapters\\app.repository.ts": {"path":"F:\\Archivos\\Laboral\\Leal\\leal_test_tech\\src\\infraestructure\\adapters\\app.repository.ts","all":false,"statementMap":{"0":{"start":{"line":1,"column":0},"end":{"line":1,"column":8}},"1":{"start":{"line":2,"column":0},"end":{"line":2,"column":11}},"2":{"start":{"line":3,"column":0},"end":{"line":3,"column":11}},"3":{"start":{"line":4,"column":0},"end":{"line":4,"column":12}},"4":{"start":{"line":5,"column":0},"end":{"line":5,"column":10}},"5":{"start":{"line":6,"column":0},"end":{"line":6,"column":13}},"6":{"start":{"line":7,"column":0},"end":{"line":7,"column":31}},"7":{"start":{"line":8,"column":0},"end":{"line":8,"column":77}},"8":{"start":{"line":9,"column":0},"end":{"line":9,"column":0}},"9":{"start":{"line":10,"column":0},"end":{"line":10,"column":63}},"10":{"start":{"line":11,"column":0},"end":{"line":11,"column":37}},"11":{"start":{"line":12,"column":0},"end":{"line":12,"column":25}},"12":{"start":{"line":13,"column":0},"end":{"line":13,"column":27}},"13":{"start":{"line":14,"column":0},"end":{"line":14,"column":33}},"14":{"start":{"line":15,"column":0},"end":{"line":15,"column":0}},"15":{"start":{"line":16,"column":0},"end":{"line":16,"column":51}},"16":{"start":{"line":17,"column":0},"end":{"line":17,"column":26}},"17":{"start":{"line":18,"column":0},"end":{"line":18,"column":3}},"18":{"start":{"line":19,"column":0},"end":{"line":19,"column":0}},"19":{"start":{"line":20,"column":0},"end":{"line":20,"column":53}},"20":{"start":{"line":21,"column":0},"end":{"line":21,"column":29}},"21":{"start":{"line":22,"column":0},"end":{"line":22,"column":3}},"22":{"start":{"line":23,"column":0},"end":{"line":23,"column":0}},"23":{"start":{"line":24,"column":0},"end":{"line":24,"column":52}},"24":{"start":{"line":25,"column":0},"end":{"line":25,"column":32}},"25":{"start":{"line":26,"column":0},"end":{"line":26,"column":3}},"26":{"start":{"line":27,"column":0},"end":{"line":27,"column":0}},"27":{"start":{"line":28,"column":0},"end":{"line":28,"column":55}},"28":{"start":{"line":29,"column":0},"end":{"line":29,"column":30}},"29":{"start":{"line":30,"column":0},"end":{"line":30,"column":3}},"30":{"start":{"line":31,"column":0},"end":{"line":31,"column":0}},"31":{"start":{"line":32,"column":0},"end":{"line":32,"column":45}},"32":{"start":{"line":33,"column":0},"end":{"line":33,"column":22}},"33":{"start":{"line":34,"column":0},"end":{"line":34,"column":3}},"34":{"start":{"line":35,"column":0},"end":{"line":35,"column":0}},"35":{"start":{"line":36,"column":0},"end":{"line":36,"column":44}},"36":{"start":{"line":37,"column":0},"end":{"line":37,"column":25}},"37":{"start":{"line":38,"column":0},"end":{"line":38,"column":3}},"38":{"start":{"line":39,"column":0},"end":{"line":39,"column":1}}},"s":{"0":1,"1":0,"2":1,"3":1,"4":1,"5":1,"6":1,"7":1,"8":1,"9":1,"10":1,"11":1,"12":1,"13":1,"14":1,"15":1,"16":0,"17":1,"18":1,"19":1,"20":0,"21":1,"22":1,"23":1,"24":0,"25":1,"26":1,"27":1,"28":0,"29":1,"30":1,"31":1,"32":0,"33":1,"34":1,"35":1,"36":0,"37":1,"38":1},"branchMap":{"0":{"type":"branch","line":2,"loc":{"start":{"line":2,"column":0},"end":{"line":2,"column":11}},"locations":[{"start":{"line":2,"column":0},"end":{"line":2,"column":11}}]},"1":{"type":"branch","line":2,"loc":{"start":{"line":2,"column":0},"end":{"line":2,"column":11}},"locations":[{"start":{"line":2,"column":0},"end":{"line":2,"column":11}}]},"2":{"type":"branch","line":2,"loc":{"start":{"line":2,"column":0},"end":{"line":2,"column":11}},"locations":[{"start":{"line":2,"column":0},"end":{"line":2,"column":11}}]},"3":{"type":"branch","line":2,"loc":{"start":{"line":2,"column":0},"end":{"line":2,"column":11}},"locations":[{"start":{"line":2,"column":0},"end":{"line":2,"column":11}}]},"4":{"type":"branch","line":2,"loc":{"start":{"line":2,"column":0},"end":{"line":2,"column":11}},"locations":[{"start":{"line":2,"column":0},"end":{"line":2,"column":11}}]},"5":{"type":"branch","line":2,"loc":{"start":{"line":2,"column":0},"end":{"line":2,"column":11}},"locations":[{"start":{"line":2,"column":0},"end":{"line":2,"column":11}}]},"6":{"type":"branch","line":2,"loc":{"start":{"line":2,"column":0},"end":{"line":2,"column":11}},"locations":[{"start":{"line":2,"column":0},"end":{"line":2,"column":11}}]},"7":{"type":"branch","line":2,"loc":{"start":{"line":2,"column":0},"end":{"line":2,"column":11}},"locations":[{"start":{"line":2,"column":0},"end":{"line":2,"column":11}}]},"8":{"type":"branch","line":2,"loc":{"start":{"line":2,"column":0},"end":{"line":2,"column":11}},"locations":[{"start":{"line":2,"column":0},"end":{"line":2,"column":11}}]},"9":{"type":"branch","line":2,"loc":{"start":{"line":2,"column":0},"end":{"line":2,"column":11}},"locations":[{"start":{"line":2,"column":0},"end":{"line":2,"column":11}}]},"10":{"type":"branch","line":2,"loc":{"start":{"line":2,"column":0},"end":{"line":2,"column":11}},"locations":[{"start":{"line":2,"column":0},"end":{"line":2,"column":11}}]},"11":{"type":"branch","line":2,"loc":{"start":{"line":2,"column":0},"end":{"line":2,"column":11}},"locations":[{"start":{"line":2,"column":0},"end":{"line":2,"column":11}}]},"12":{"type":"branch","line":2,"loc":{"start":{"line":2,"column":0},"end":{"line":2,"column":11}},"locations":[{"start":{"line":2,"column":0},"end":{"line":2,"column":11}}]},"13":{"type":"branch","line":2,"loc":{"start":{"line":2,"column":0},"end":{"line":2,"column":11}},"locations":[{"start":{"line":2,"column":0},"end":{"line":2,"column":11}}]},"14":{"type":"branch","line":2,"loc":{"start":{"line":2,"column":0},"end":{"line":2,"column":11}},"locations":[{"start":{"line":2,"column":0},"end":{"line":2,"column":11}}]},"15":{"type":"branch","line":2,"loc":{"start":{"line":2,"column":0},"end":{"line":2,"column":11}},"locations":[{"start":{"line":2,"column":0},"end":{"line":2,"column":11}}]},"16":{"type":"branch","line":2,"loc":{"start":{"line":2,"column":0},"end":{"line":2,"column":11}},"locations":[{"start":{"line":2,"column":0},"end":{"line":2,"column":11}}]},"17":{"type":"branch","line":2,"loc":{"start":{"line":2,"column":0},"end":{"line":2,"column":11}},"locations":[{"start":{"line":2,"column":0},"end":{"line":2,"column":11}}]},"18":{"type":"branch","line":2,"loc":{"start":{"line":2,"column":0},"end":{"line":2,"column":11}},"locations":[{"start":{"line":2,"column":0},"end":{"line":2,"column":11}}]},"19":{"type":"branch","line":2,"loc":{"start":{"line":2,"column":0},"end":{"line":2,"column":11}},"locations":[{"start":{"line":2,"column":0},"end":{"line":2,"column":11}}]},"20":{"type":"branch","line":2,"loc":{"start":{"line":2,"column":0},"end":{"line":2,"column":11}},"locations":[{"start":{"line":2,"column":0},"end":{"line":2,"column":11}}]},"21":{"type":"branch","line":2,"loc":{"start":{"line":2,"column":0},"end":{"line":2,"column":11}},"locations":[{"start":{"line":2,"column":0},"end":{"line":2,"column":11}}]},"22":{"type":"branch","line":2,"loc":{"start":{"line":2,"column":0},"end":{"line":2,"column":11}},"locations":[{"start":{"line":2,"column":0},"end":{"line":2,"column":11}}]},"23":{"type":"branch","line":2,"loc":{"start":{"line":2,"column":0},"end":{"line":2,"column":11}},"locations":[{"start":{"line":2,"column":0},"end":{"line":2,"column":11}}]},"24":{"type":"branch","line":2,"loc":{"start":{"line":2,"column":0},"end":{"line":2,"column":11}},"locations":[{"start":{"line":2,"column":0},"end":{"line":2,"column":11}}]},"25":{"type":"branch","line":2,"loc":{"start":{"line":2,"column":0},"end":{"line":2,"column":11}},"locations":[{"start":{"line":2,"column":0},"end":{"line":2,"column":11}}]},"26":{"type":"branch","line":2,"loc":{"start":{"line":2,"column":0},"end":{"line":2,"column":11}},"locations":[{"start":{"line":2,"column":0},"end":{"line":2,"column":11}}]},"27":{"type":"branch","line":2,"loc":{"start":{"line":2,"column":0},"end":{"line":2,"column":11}},"locations":[{"start":{"line":2,"column":0},"end":{"line":2,"column":11}}]},"28":{"type":"branch","line":2,"loc":{"start":{"line":2,"column":0},"end":{"line":2,"column":11}},"locations":[{"start":{"line":2,"column":0},"end":{"line":2,"column":11}}]},"29":{"type":"branch","line":2,"loc":{"start":{"line":2,"column":0},"end":{"line":2,"column":11}},"locations":[{"start":{"line":2,"column":0},"end":{"line":2,"column":11}}]},"30":{"type":"branch","line":2,"loc":{"start":{"line":2,"column":0},"end":{"line":2,"column":11}},"locations":[{"start":{"line":2,"column":0},"end":{"line":2,"column":11}}]},"31":{"type":"branch","line":2,"loc":{"start":{"line":2,"column":0},"end":{"line":2,"column":11}},"locations":[{"start":{"line":2,"column":0},"end":{"line":2,"column":11}}]},"32":{"type":"branch","line":10,"loc":{"start":{"line":10,"column":35},"end":{"line":38,"column":3}},"locations":[{"start":{"line":10,"column":35},"end":{"line":38,"column":3}}]},"33":{"type":"branch","line":10,"loc":{"start":{"line":10,"column":35},"end":{"line":14,"column":33}},"locations":[{"start":{"line":10,"column":35},"end":{"line":14,"column":33}}]},"34":{"type":"branch","line":14,"loc":{"start":{"line":14,"column":32},"end":{"line":18,"column":3}},"locations":[{"start":{"line":14,"column":32},"end":{"line":18,"column":3}}]},"35":{"type":"branch","line":19,"loc":{"start":{"line":19,"column":-2},"end":{"line":22,"column":3}},"locations":[{"start":{"line":19,"column":-2},"end":{"line":22,"column":3}}]},"36":{"type":"branch","line":23,"loc":{"start":{"line":23,"column":-2},"end":{"line":26,"column":3}},"locations":[{"start":{"line":23,"column":-2},"end":{"line":26,"column":3}}]},"37":{"type":"branch","line":27,"loc":{"start":{"line":27,"column":-2},"end":{"line":30,"column":3}},"locations":[{"start":{"line":27,"column":-2},"end":{"line":30,"column":3}}]},"38":{"type":"branch","line":31,"loc":{"start":{"line":31,"column":-2},"end":{"line":34,"column":3}},"locations":[{"start":{"line":31,"column":-2},"end":{"line":34,"column":3}}]},"39":{"type":"branch","line":35,"loc":{"start":{"line":35,"column":-2},"end":{"line":38,"column":3}},"locations":[{"start":{"line":35,"column":-2},"end":{"line":38,"column":3}}]}},"b":{"0":[1],"1":[0],"2":[0],"3":[0],"4":[0],"5":[0],"6":[0],"7":[5],"8":[13],"9":[2],"10":[6],"11":[1],"12":[0],"13":[0],"14":[0],"15":[6],"16":[0],"17":[6],"18":[1],"19":[0],"20":[1],"21":[6],"22":[1],"23":[0],"24":[4],"25":[0],"26":[10],"27":[0],"28":[10],"29":[0],"30":[0],"31":[0],"32":[1],"33":[1],"34":[1],"35":[1],"36":[1],"37":[1],"38":[1],"39":[1]},"fnMap":{"0":{"name":"_regeneratorRuntime","decl":{"start":{"line":2,"column":0},"end":{"line":2,"column":11}},"loc":{"start":{"line":2,"column":0},"end":{"line":2,"column":11}},"line":2},"1":{"name":"_regeneratorRuntime","decl":{"start":{"line":2,"column":0},"end":{"line":2,"column":11}},"loc":{"start":{"line":2,"column":0},"end":{"line":2,"column":11}},"line":2},"2":{"name":"o","decl":{"start":{"line":2,"column":0},"end":{"line":2,"column":11}},"loc":{"start":{"line":2,"column":0},"end":{"line":2,"column":11}},"line":2},"3":{"name":"define","decl":{"start":{"line":2,"column":0},"end":{"line":2,"column":11}},"loc":{"start":{"line":2,"column":0},"end":{"line":2,"column":11}},"line":2},"4":{"name":"define","decl":{"start":{"line":2,"column":0},"end":{"line":2,"column":11}},"loc":{"start":{"line":2,"column":0},"end":{"line":2,"column":11}},"line":2},"5":{"name":"wrap","decl":{"start":{"line":2,"column":0},"end":{"line":2,"column":11}},"loc":{"start":{"line":2,"column":0},"end":{"line":2,"column":11}},"line":2},"6":{"name":"tryCatch","decl":{"start":{"line":2,"column":0},"end":{"line":2,"column":11}},"loc":{"start":{"line":2,"column":0},"end":{"line":2,"column":11}},"line":2},"7":{"name":"Generator","decl":{"start":{"line":2,"column":0},"end":{"line":2,"column":11}},"loc":{"start":{"line":2,"column":0},"end":{"line":2,"column":11}},"line":2},"8":{"name":"GeneratorFunction","decl":{"start":{"line":2,"column":0},"end":{"line":2,"column":11}},"loc":{"start":{"line":2,"column":0},"end":{"line":2,"column":11}},"line":2},"9":{"name":"GeneratorFunctionPrototype","decl":{"start":{"line":2,"column":0},"end":{"line":2,"column":11}},"loc":{"start":{"line":2,"column":0},"end":{"line":2,"column":11}},"line":2},"10":{"name":"defineIteratorMethods","decl":{"start":{"line":2,"column":0},"end":{"line":2,"column":11}},"loc":{"start":{"line":2,"column":0},"end":{"line":2,"column":11}},"line":2},"11":{"name":"AsyncIterator","decl":{"start":{"line":2,"column":0},"end":{"line":2,"column":11}},"loc":{"start":{"line":2,"column":0},"end":{"line":2,"column":11}},"line":2},"12":{"name":"makeInvokeMethod","decl":{"start":{"line":2,"column":0},"end":{"line":2,"column":11}},"loc":{"start":{"line":2,"column":0},"end":{"line":2,"column":11}},"line":2},"13":{"name":"maybeInvokeDelegate","decl":{"start":{"line":2,"column":0},"end":{"line":2,"column":11}},"loc":{"start":{"line":2,"column":0},"end":{"line":2,"column":11}},"line":2},"14":{"name":"pushTryEntry","decl":{"start":{"line":2,"column":0},"end":{"line":2,"column":11}},"loc":{"start":{"line":2,"column":0},"end":{"line":2,"column":11}},"line":2},"15":{"name":"resetTryEntry","decl":{"start":{"line":2,"column":0},"end":{"line":2,"column":11}},"loc":{"start":{"line":2,"column":0},"end":{"line":2,"column":11}},"line":2},"16":{"name":"Context","decl":{"start":{"line":2,"column":0},"end":{"line":2,"column":11}},"loc":{"start":{"line":2,"column":0},"end":{"line":2,"column":11}},"line":2},"17":{"name":"values","decl":{"start":{"line":2,"column":0},"end":{"line":2,"column":11}},"loc":{"start":{"line":2,"column":0},"end":{"line":2,"column":11}},"line":2},"18":{"name":"next","decl":{"start":{"line":2,"column":0},"end":{"line":2,"column":11}},"loc":{"start":{"line":2,"column":0},"end":{"line":2,"column":11}},"line":2},"19":{"name":"e.isGeneratorFunction","decl":{"start":{"line":2,"column":0},"end":{"line":2,"column":11}},"loc":{"start":{"line":2,"column":0},"end":{"line":2,"column":11}},"line":2},"20":{"name":"e.mark","decl":{"start":{"line":2,"column":0},"end":{"line":2,"column":11}},"loc":{"start":{"line":2,"column":0},"end":{"line":2,"column":11}},"line":2},"21":{"name":"e.awrap","decl":{"start":{"line":2,"column":0},"end":{"line":2,"column":11}},"loc":{"start":{"line":2,"column":0},"end":{"line":2,"column":11}},"line":2},"22":{"name":"e.async","decl":{"start":{"line":2,"column":0},"end":{"line":2,"column":11}},"loc":{"start":{"line":2,"column":0},"end":{"line":2,"column":11}},"line":2},"23":{"name":"e.keys","decl":{"start":{"line":2,"column":0},"end":{"line":2,"column":11}},"loc":{"start":{"line":2,"column":0},"end":{"line":2,"column":11}},"line":2},"24":{"name":"reset","decl":{"start":{"line":2,"column":0},"end":{"line":2,"column":11}},"loc":{"start":{"line":2,"column":0},"end":{"line":2,"column":11}},"line":2},"25":{"name":"stop","decl":{"start":{"line":2,"column":0},"end":{"line":2,"column":11}},"loc":{"start":{"line":2,"column":0},"end":{"line":2,"column":11}},"line":2},"26":{"name":"dispatchException","decl":{"start":{"line":2,"column":0},"end":{"line":2,"column":11}},"loc":{"start":{"line":2,"column":0},"end":{"line":2,"column":11}},"line":2},"27":{"name":"abrupt","decl":{"start":{"line":2,"column":0},"end":{"line":2,"column":11}},"loc":{"start":{"line":2,"column":0},"end":{"line":2,"column":11}},"line":2},"28":{"name":"complete","decl":{"start":{"line":2,"column":0},"end":{"line":2,"column":11}},"loc":{"start":{"line":2,"column":0},"end":{"line":2,"column":11}},"line":2},"29":{"name":"finish","decl":{"start":{"line":2,"column":0},"end":{"line":2,"column":11}},"loc":{"start":{"line":2,"column":0},"end":{"line":2,"column":11}},"line":2},"30":{"name":"_catch","decl":{"start":{"line":2,"column":0},"end":{"line":2,"column":11}},"loc":{"start":{"line":2,"column":0},"end":{"line":2,"column":11}},"line":2},"31":{"name":"delegateYield","decl":{"start":{"line":2,"column":0},"end":{"line":2,"column":11}},"loc":{"start":{"line":2,"column":0},"end":{"line":2,"column":11}},"line":2},"32":{"name":"asyncGeneratorStep","decl":{"start":{"line":2,"column":0},"end":{"line":2,"column":11}},"loc":{"start":{"line":2,"column":0},"end":{"line":2,"column":11}},"line":2},"33":{"name":"_asyncToGenerator","decl":{"start":{"line":2,"column":0},"end":{"line":2,"column":11}},"loc":{"start":{"line":2,"column":0},"end":{"line":2,"column":11}},"line":2},"34":{"name":"_classCallCheck","decl":{"start":{"line":2,"column":0},"end":{"line":2,"column":11}},"loc":{"start":{"line":2,"column":0},"end":{"line":2,"column":11}},"line":2},"35":{"name":"_defineProperties","decl":{"start":{"line":2,"column":0},"end":{"line":2,"column":11}},"loc":{"start":{"line":2,"column":0},"end":{"line":2,"column":11}},"line":2},"36":{"name":"_createClass","decl":{"start":{"line":2,"column":0},"end":{"line":2,"column":11}},"loc":{"start":{"line":2,"column":0},"end":{"line":2,"column":11}},"line":2},"37":{"name":"_defineProperty","decl":{"start":{"line":2,"column":0},"end":{"line":2,"column":11}},"loc":{"start":{"line":2,"column":0},"end":{"line":2,"column":11}},"line":2},"38":{"name":"_toPropertyKey","decl":{"start":{"line":2,"column":0},"end":{"line":2,"column":11}},"loc":{"start":{"line":2,"column":0},"end":{"line":2,"column":11}},"line":2},"39":{"name":"_toPrimitive","decl":{"start":{"line":2,"column":0},"end":{"line":2,"column":11}},"loc":{"start":{"line":2,"column":0},"end":{"line":2,"column":11}},"line":2},"40":{"name":"InMemoryUserRepository","decl":{"start":{"line":10,"column":35},"end":{"line":14,"column":33}},"loc":{"start":{"line":10,"column":35},"end":{"line":14,"column":33}},"line":10},"41":{"name":"_callee","decl":{"start":{"line":16,"column":2},"end":{"line":17,"column":26}},"loc":{"start":{"line":16,"column":2},"end":{"line":17,"column":26}},"line":16},"42":{"name":"_callee2","decl":{"start":{"line":20,"column":2},"end":{"line":21,"column":29}},"loc":{"start":{"line":20,"column":2},"end":{"line":21,"column":29}},"line":20},"43":{"name":"_callee3","decl":{"start":{"line":24,"column":2},"end":{"line":25,"column":32}},"loc":{"start":{"line":24,"column":2},"end":{"line":25,"column":32}},"line":24},"44":{"name":"_callee4","decl":{"start":{"line":28,"column":2},"end":{"line":29,"column":30}},"loc":{"start":{"line":28,"column":2},"end":{"line":29,"column":30}},"line":28},"45":{"name":"_callee5","decl":{"start":{"line":32,"column":2},"end":{"line":33,"column":22}},"loc":{"start":{"line":32,"column":2},"end":{"line":33,"column":22}},"line":32},"46":{"name":"_callee6","decl":{"start":{"line":36,"column":2},"end":{"line":37,"column":25}},"loc":{"start":{"line":36,"column":2},"end":{"line":37,"column":25}},"line":36}},"f":{"0":1,"1":5,"2":0,"3":13,"4":0,"5":0,"6":0,"7":0,"8":0,"9":0,"10":2,"11":0,"12":0,"13":0,"14":0,"15":0,"16":0,"17":1,"18":0,"19":0,"20":6,"21":0,"22":0,"23":0,"24":0,"25":0,"26":0,"27":0,"28":0,"29":0,"30":0,"31":0,"32":0,"33":6,"34":1,"35":1,"36":1,"37":4,"38":10,"39":10,"40":1,"41":0,"42":0,"43":0,"44":0,"45":0,"46":0}}
}
