TN:
SF:src\application\use_case\app.service.ts
FN:2,asyncGeneratorStep
FN:2,_asyncToGenerator
FN:2,_classCallCheck
FN:2,_defineProperties
FN:2,_createClass
FN:2,_defineProperty
FN:2,_toPropertyKey
FN:2,_toPrimitive
FN:23,UserService
FN:25,_callee
FN:37,_callee2
FN:46,_callee3
FN:55,_callee4
FN:66,_callee5
FN:85,_callee6
FN:96,_callee7
FN:100,_callee8
FNF:17
FNH:8
FNDA:0,asyncGeneratorStep
FNDA:8,_asyncToGenerator
FNDA:1,_classCallCheck
FNDA:1,_defineProperties
FNDA:1,_createClass
FNDA:1,_defineProperty
FNDA:9,_toPropertyKey
FNDA:9,_toPrimitive
FNDA:1,UserService
FNDA:0,_callee
FNDA:0,_callee2
FNDA:0,_callee3
FNDA:0,_callee4
FNDA:0,_callee5
FNDA:0,_callee6
FNDA:0,_callee7
FNDA:0,_callee8
DA:1,1
DA:2,0
DA:3,1
DA:4,1
DA:5,1
DA:6,1
DA:7,1
DA:8,1
DA:9,1
DA:10,1
DA:11,1
DA:12,1
DA:13,1
DA:14,1
DA:15,1
DA:16,1
DA:17,1
DA:18,1
DA:19,1
DA:20,1
DA:21,1
DA:22,1
DA:23,1
DA:24,1
DA:25,1
DA:26,0
DA:27,0
DA:28,0
DA:29,0
DA:30,0
DA:31,0
DA:32,0
DA:33,0
DA:34,1
DA:35,1
DA:36,1
DA:37,1
DA:38,0
DA:39,0
DA:40,0
DA:41,0
DA:42,0
DA:43,1
DA:44,1
DA:45,1
DA:46,1
DA:47,0
DA:48,0
DA:49,0
DA:50,0
DA:51,0
DA:52,1
DA:53,1
DA:54,1
DA:55,1
DA:56,0
DA:57,0
DA:58,0
DA:59,0
DA:60,0
DA:61,0
DA:62,0
DA:63,1
DA:64,1
DA:65,1
DA:66,1
DA:67,0
DA:68,0
DA:69,0
DA:70,0
DA:71,0
DA:72,0
DA:73,0
DA:74,0
DA:75,0
DA:76,0
DA:77,0
DA:78,0
DA:79,0
DA:80,0
DA:81,0
DA:82,1
DA:83,1
DA:84,1
DA:85,1
DA:86,0
DA:87,0
DA:88,0
DA:89,0
DA:90,0
DA:91,0
DA:92,0
DA:93,1
DA:94,1
DA:95,1
DA:96,1
DA:97,0
DA:98,1
DA:99,1
DA:100,1
DA:101,0
DA:102,0
DA:103,1
DA:104,1
LF:104
LH:53
BRDA:2,0,0,8
BRDA:2,1,0,1
BRDA:2,2,0,0
BRDA:2,3,0,1
BRDA:2,4,0,8
BRDA:2,5,0,1
BRDA:2,6,0,0
BRDA:2,7,0,1
BRDA:2,8,0,0
BRDA:2,9,0,9
BRDA:2,10,0,0
BRDA:2,11,0,9
BRDA:2,12,0,0
BRDA:2,13,0,0
BRDA:2,14,0,0
BRDA:21,15,0,1
BRDA:23,16,0,1
BRDA:24,17,0,1
BRDA:36,18,0,1
BRDA:45,19,0,1
BRDA:54,20,0,1
BRDA:65,21,0,1
BRDA:84,22,0,1
BRDA:95,23,0,1
BRDA:99,24,0,1
BRF:25
BRH:18
end_of_record
TN:
SF:src\infraestructure\adapters\app.repository.ts
FN:2,_regeneratorRuntime
FN:2,_regeneratorRuntime
FN:2,o
FN:2,define
FN:2,define
FN:2,wrap
FN:2,tryCatch
FN:2,Generator
FN:2,GeneratorFunction
FN:2,GeneratorFunctionPrototype
FN:2,defineIteratorMethods
FN:2,AsyncIterator
FN:2,makeInvokeMethod
FN:2,maybeInvokeDelegate
FN:2,pushTryEntry
FN:2,resetTryEntry
FN:2,Context
FN:2,values
FN:2,next
FN:2,e.isGeneratorFunction
FN:2,e.mark
FN:2,e.awrap
FN:2,e.async
FN:2,e.keys
FN:2,reset
FN:2,stop
FN:2,dispatchException
FN:2,abrupt
FN:2,complete
FN:2,finish
FN:2,_catch
FN:2,delegateYield
FN:2,asyncGeneratorStep
FN:2,_asyncToGenerator
FN:2,_classCallCheck
FN:2,_defineProperties
FN:2,_createClass
FN:2,_defineProperty
FN:2,_toPropertyKey
FN:2,_toPrimitive
FN:10,InMemoryUserRepository
FN:16,_callee
FN:20,_callee2
FN:24,_callee3
FN:28,_callee4
FN:32,_callee5
FN:36,_callee6
FNF:47
FNH:14
FNDA:1,_regeneratorRuntime
FNDA:5,_regeneratorRuntime
FNDA:0,o
FNDA:13,define
FNDA:0,define
FNDA:0,wrap
FNDA:0,tryCatch
FNDA:0,Generator
FNDA:0,GeneratorFunction
FNDA:0,GeneratorFunctionPrototype
FNDA:2,defineIteratorMethods
FNDA:0,AsyncIterator
FNDA:0,makeInvokeMethod
FNDA:0,maybeInvokeDelegate
FNDA:0,pushTryEntry
FNDA:0,resetTryEntry
FNDA:0,Context
FNDA:1,values
FNDA:0,next
FNDA:0,e.isGeneratorFunction
FNDA:6,e.mark
FNDA:0,e.awrap
FNDA:0,e.async
FNDA:0,e.keys
FNDA:0,reset
FNDA:0,stop
FNDA:0,dispatchException
FNDA:0,abrupt
FNDA:0,complete
FNDA:0,finish
FNDA:0,_catch
FNDA:0,delegateYield
FNDA:0,asyncGeneratorStep
FNDA:6,_asyncToGenerator
FNDA:1,_classCallCheck
FNDA:1,_defineProperties
FNDA:1,_createClass
FNDA:4,_defineProperty
FNDA:10,_toPropertyKey
FNDA:10,_toPrimitive
FNDA:1,InMemoryUserRepository
FNDA:0,_callee
FNDA:0,_callee2
FNDA:0,_callee3
FNDA:0,_callee4
FNDA:0,_callee5
FNDA:0,_callee6
DA:1,1
DA:2,0
DA:3,1
DA:4,1
DA:5,1
DA:6,1
DA:7,1
DA:8,1
DA:9,1
DA:10,1
DA:11,1
DA:12,1
DA:13,1
DA:14,1
DA:15,1
DA:16,1
DA:17,0
DA:18,1
DA:19,1
DA:20,1
DA:21,0
DA:22,1
DA:23,1
DA:24,1
DA:25,0
DA:26,1
DA:27,1
DA:28,1
DA:29,0
DA:30,1
DA:31,1
DA:32,1
DA:33,0
DA:34,1
DA:35,1
DA:36,1
DA:37,0
DA:38,1
DA:39,1
LF:39
LH:32
BRDA:2,0,0,1
BRDA:2,1,0,0
BRDA:2,2,0,0
BRDA:2,3,0,0
BRDA:2,4,0,0
BRDA:2,5,0,0
BRDA:2,6,0,0
BRDA:2,7,0,5
BRDA:2,8,0,13
BRDA:2,9,0,2
BRDA:2,10,0,6
BRDA:2,11,0,1
BRDA:2,12,0,0
BRDA:2,13,0,0
BRDA:2,14,0,0
BRDA:2,15,0,6
BRDA:2,16,0,0
BRDA:2,17,0,6
BRDA:2,18,0,1
BRDA:2,19,0,0
BRDA:2,20,0,1
BRDA:2,21,0,6
BRDA:2,22,0,1
BRDA:2,23,0,0
BRDA:2,24,0,4
BRDA:2,25,0,0
BRDA:2,26,0,10
BRDA:2,27,0,0
BRDA:2,28,0,10
BRDA:2,29,0,0
BRDA:2,30,0,0
BRDA:2,31,0,0
BRDA:10,32,0,1
BRDA:10,33,0,1
BRDA:14,34,0,1
BRDA:19,35,0,1
BRDA:23,36,0,1
BRDA:27,37,0,1
BRDA:31,38,0,1
BRDA:35,39,0,1
BRF:40
BRH:23
end_of_record
